<?xml version="1.0" encoding="UTF-8" ?>
<testsuite tests="28" failures="0" name="com.openet.nblott.Test" time="0.005" errors="0" skipped="0">
  <properties>
[...]
</properties>
  <testcase classname="com.openet.nblott.VectorRunner" name="getShouldGiveCorrectValues[0]" time="0.002"/>
  <testcase classname="com.openet.nblott.VectorRunner" name="setShouldSetCorrectly[0]" time="0"/>
  <testcase classname="com.openet.nblott.VectorRunner" name="shouldObtainCorrectMagnitude[0]" time="0"/>
  <testcase classname="com.openet.nblott.VectorRunner" name="shouldGetCorrectAngle[0]" time="0"/>
  <testcase classname="com.openet.nblott.VectorRunner" name="getShouldGiveCorrectValues[1]" time="0"/>
  <testcase classname="com.openet.nblott.VectorRunner" name="setShouldSetCorrectly[1]" time="0"/>
  <testcase classname="com.openet.nblott.VectorRunner" name="shouldObtainCorrectMagnitude[1]" time="0.001"/>
  <testcase classname="com.openet.nblott.VectorRunner" name="shouldGetCorrectAngle[1]" time="0"/>
  <testcase classname="com.openet.nblott.VectorRunner" name="getShouldGiveCorrectValues[2]" time="0.001"/>
  <testcase classname="com.openet.nblott.VectorRunner" name="setShouldSetCorrectly[2]" time="0"/>
  <testcase classname="com.openet.nblott.VectorRunner" name="shouldObtainCorrectMagnitude[2]" time="0"/>
  <testcase classname="com.openet.nblott.VectorRunner" name="shouldGetCorrectAngle[2]" time="0"/>
  <testcase classname="com.openet.nblott.VectorRunner" name="getShouldGiveCorrectValues[3]" time="0"/>
  <testcase classname="com.openet.nblott.VectorRunner" name="setShouldSetCorrectly[3]" time="0.001"/>
  <testcase classname="com.openet.nblott.VectorRunner" name="shouldObtainCorrectMagnitude[3]" time="0"/>
  <testcase classname="com.openet.nblott.VectorRunner" name="shouldGetCorrectAngle[3]" time="0"/>
  <testcase classname="com.openet.nblott.VectorRunner" name="getShouldGiveCorrectValues[4]" time="0"/>
  <testcase classname="com.openet.nblott.VectorRunner" name="setShouldSetCorrectly[4]" time="0"/>
  <testcase classname="com.openet.nblott.VectorRunner" name="shouldObtainCorrectMagnitude[4]" time="0"/>
  <testcase classname="com.openet.nblott.VectorRunner" name="shouldGetCorrectAngle[4]" time="0"/>
  <testcase classname="com.openet.nblott.VectorRunner" name="getShouldGiveCorrectValues[5]" time="0"/>
  <testcase classname="com.openet.nblott.VectorRunner" name="setShouldSetCorrectly[5]" time="0"/>
  <testcase classname="com.openet.nblott.VectorRunner" name="shouldObtainCorrectMagnitude[5]" time="0"/>
  <testcase classname="com.openet.nblott.VectorRunner" name="shouldGetCorrectAngle[5]" time="0"/>
  <testcase classname="com.openet.nblott.VectorRunner" name="getShouldGiveCorrectValues[6]" time="0"/>
  <testcase classname="com.openet.nblott.VectorRunner" name="setShouldSetCorrectly[6]" time="0"/>
  <testcase classname="com.openet.nblott.VectorRunner" name="shouldObtainCorrectMagnitude[6]" time="0"/>
  <testcase classname="com.openet.nblott.VectorRunner" name="shouldGetCorrectAngle[6]" time="0"/>
</testsuite>